<?xml version="1.0" encoding="UTF-8"?>
<testsuite xmlns:xsi="http://www.w3.org/2001/XMLSchema-instance" xsi:noNamespaceSchemaLocation="https://maven.apache.org/surefire/maven-surefire-plugin/xsd/surefire-test-report.xsd" name="fashionTFO.AddOrderUseCaseTest" time="1.119" tests="16" errors="0" skipped="0" failures="0">
  <properties>
[...]
</properties>
  <testcase name="testScenario2_UserIdNull" classname="fashionTFO.AddOrderUseCaseTest" time="1.065"/>
  <testcase name="testScenario4_CustomerNameNull" classname="fashionTFO.AddOrderUseCaseTest" time="0.002"/>
  <testcase name="testScenario6_PhoneInvalidLength" classname="fashionTFO.AddOrderUseCaseTest" time="0.001"/>
  <testcase name="testScenario2_UserIdEmpty" classname="fashionTFO.AddOrderUseCaseTest" time="0.001"/>
  <testcase name="testScenario7_AddressNull" classname="fashionTFO.AddOrderUseCaseTest" time="0.002"/>
  <testcase name="testScenario5_PhoneEmpty" classname="fashionTFO.AddOrderUseCaseTest" time="0.002"/>
  <testcase name="testScenario6_PhoneNotStartWithZero" classname="fashionTFO.AddOrderUseCaseTest" time="0.001"/>
  <testcase name="testScenario8_TotalAmountZero" classname="fashionTFO.AddOrderUseCaseTest" time="0.001"/>
  <testcase name="testScenario1_AllValidInputs" classname="fashionTFO.AddOrderUseCaseTest" time="0.012"/>
  <testcase name="testScenario7_AddressEmpty" classname="fashionTFO.AddOrderUseCaseTest" time="0.001"/>
  <testcase name="testScenario5_PhoneNull" classname="fashionTFO.AddOrderUseCaseTest" time="0.002"/>
  <testcase name="testScenario9_AllValidInputsWithNullNote" classname="fashionTFO.AddOrderUseCaseTest" time="0.001"/>
  <testcase name="testScenario9_AllValidInputsWithNote" classname="fashionTFO.AddOrderUseCaseTest" time="0.003"/>
  <testcase name="testScenario4_CustomerNameEmpty" classname="fashionTFO.AddOrderUseCaseTest" time="0.001"/>
  <testcase name="testScenario6_PhoneWithNonNumeric" classname="fashionTFO.AddOrderUseCaseTest" time="0.001"/>
  <testcase name="testScenario8_TotalAmountNegative" classname="fashionTFO.AddOrderUseCaseTest" time="0.001"/>
</testsuite>